2021-04-09 21:33:49,752 : INFO : scraper.add_product : Adding product: højtaler - https://www.komplett.dk/product/849816/gaming/spiludstyr/gaming-hoejttalere/logitech-z533-pc-hoejttalere#
2021-04-09 21:34:11,551 : INFO : scraper.add_product : Adding product: højtaler - https://www.proshop.dk/Hoejttalere-PC/Logitech-Z533-Black-21-Kanal-Sort/2511000
2021-04-09 21:34:29,317 : INFO : scraper.add_product : Adding product: højtaler - https://www.avxperten.dk/pc-hoejtalere/logitech-pc-hoejttaler-subwoofer-z533.asp
2021-04-10 12:00:08,255 : ERROR : scraper.scrape : Could not get all the data needed from url: https://www.proshop.dk/Grafikkort/ASUS-GeForce-RTX-3070-ROG-STRIX-OC-8GB-GDDR6-RAM-Grafikkort/2876845
Traceback (most recent call last):
  File "/home/pi/Documents/scraper/scraper/domains.py", line 38, in proshop
    soup.find("span", class_="site-currency-attention")
AttributeError: 'NoneType' object has no attribute 'text'

During handling of the above exception, another exception occurred:

Traceback (most recent call last):
  File "/home/pi/Documents/scraper/scraper/domains.py", line 48, in proshop
    "div", class_="site-currency-attention site-currency-campaign"
AttributeError: 'NoneType' object has no attribute 'text'

During handling of the above exception, another exception occurred:

Traceback (most recent call last):
  File "/home/pi/Documents/scraper/scraper/scrape.py", line 38, in get_info
    self.info = website_function(soup)
  File "/home/pi/Documents/scraper/scraper/domains.py", line 57, in proshop
    soup.find("div", class_="site-currency-attention")
AttributeError: 'NoneType' object has no attribute 'text'
